<?xml version="1.0" encoding="UTF-8"?>
<!-- Generated by org.testng.reporters.JUnitXMLReporter -->
<testsuite ignored="0" hostname="Mojo7490" failures="1" tests="1" name="ChromeTest(failed)" time="0.042" errors="0" timestamp="2024-03-03T12:50:58 IST">
  <testcase classname="runner.Test_RegistrationCheck" name="testScenario1_Ts1_ResistrationCheck" time="0.0">
    <failure type="java.lang.RuntimeException" message="java.lang.NullPointerException: Cannot invoke &amp;quot;java.util.Properties.getProperty(String)&amp;quot; because &amp;quot;utils.DataProviderMethod.prop&amp;quot; is null">
      <![CDATA[java.lang.RuntimeException: java.lang.NullPointerException: Cannot invoke "java.util.Properties.getProperty(String)" because "utils.DataProviderMethod.prop" is null
at java.base/java.util.ArrayList.forEach(ArrayList.java:1511)
Caused by: java.lang.NullPointerException: Cannot invoke "java.util.Properties.getProperty(String)" because "utils.DataProviderMethod.prop" is null
at utils.DataProviderMethod.readdata(DataProviderMethod.java:17)
... 25 more
... Removed 30 stack frames]]>
    </failure>
  </testcase> <!-- testScenario1_Ts1_ResistrationCheck -->
</testsuite> <!-- ChromeTest(failed) -->
