<?xml version="1.0" encoding="UTF-8"?>
<testng-results ignored="0" total="2" passed="2" failed="0" skipped="0">
  <reporter-output>
  </reporter-output>
  <suite started-at="2024-03-10T15:13:58 IST" name="Suite" finished-at="2024-03-10T15:14:59 IST" duration-ms="61447">
    <groups>
    </groups>
    <test started-at="2024-03-10T15:13:58 IST" name="ChromeTest" finished-at="2024-03-10T15:14:59 IST" duration-ms="61447">
      <class name="runner.Test_SearchBar">
        <test-method is-config="true" signature="setUp(java.lang.String)[pri:0, instance:runner.Test_SearchBar@7b2bbc3]" started-at="2024-03-10T15:13:58 IST" name="setUp" finished-at="2024-03-10T15:14:27 IST" duration-ms="28950" status="PASS">
          <params>
            <param index="0">
              <value>
                <![CDATA[chrome]]>
              </value>
            </param>
          </params>
          <reporter-output>
          </reporter-output>
        </test-method> <!-- setUp -->
        <test-method signature="testScenario2_Ts2_SearchFunctionality()[pri:1, instance:runner.Test_SearchBar@7b2bbc3]" started-at="2024-03-10T15:14:27 IST" name="testScenario2_Ts2_SearchFunctionality" finished-at="2024-03-10T15:14:28 IST" duration-ms="1249" status="PASS">
          <reporter-output>
          </reporter-output>
        </test-method> <!-- testScenario2_Ts2_SearchFunctionality -->
        <test-method is-config="true" signature="tearDown()[pri:0, instance:runner.Test_SearchBar@7b2bbc3]" started-at="2024-03-10T15:14:28 IST" name="tearDown" finished-at="2024-03-10T15:14:28 IST" duration-ms="155" status="PASS">
          <reporter-output>
          </reporter-output>
        </test-method> <!-- tearDown -->
        <test-method is-config="true" signature="setUp(java.lang.String)[pri:0, instance:runner.Test_SearchBar@7b2bbc3]" started-at="2024-03-10T15:14:28 IST" name="setUp" finished-at="2024-03-10T15:14:55 IST" duration-ms="26734" status="PASS">
          <params>
            <param index="0">
              <value>
                <![CDATA[chrome]]>
              </value>
            </param>
          </params>
          <reporter-output>
          </reporter-output>
        </test-method> <!-- setUp -->
        <test-method signature="testScenario2_Ts2_HoverAndClick()[pri:2, instance:runner.Test_SearchBar@7b2bbc3]" started-at="2024-03-10T15:14:55 IST" name="testScenario2_Ts2_HoverAndClick" finished-at="2024-03-10T15:14:59 IST" depends-on-methods="runner.Test_SearchBar.testScenario2_Ts2_SearchFunctionality" duration-ms="3967" status="PASS">
          <reporter-output>
          </reporter-output>
        </test-method> <!-- testScenario2_Ts2_HoverAndClick -->
        <test-method is-config="true" signature="tearDown()[pri:0, instance:runner.Test_SearchBar@7b2bbc3]" started-at="2024-03-10T15:14:59 IST" name="tearDown" finished-at="2024-03-10T15:14:59 IST" duration-ms="171" status="PASS">
          <reporter-output>
          </reporter-output>
        </test-method> <!-- tearDown -->
      </class> <!-- runner.Test_SearchBar -->
    </test> <!-- ChromeTest -->
  </suite> <!-- Suite -->
</testng-results>
